#
# A fatal error has been detected by the Java Runtime Environment:
#
#  Internal Error (javaClasses.cpp:124), pid=4200, tid=3392
#  fatal error: Invalid layout of preloaded class
#
# JRE version:  (8.0-b132) (build )
# Java VM: Java HotSpot(TM) Client VM (25.0-b70 mixed mode windows-x86 )
# Failed to write core dump. Minidumps are not enabled by default on client versions of Windows
#
# If you would like to submit a bug report, please visit:
#   http://bugreport.sun.com/bugreport/crash.jsp
#

---------------  T H R E A D  ---------------

Current thread (0x017bbc00):  JavaThread "Unknown thread" [_thread_in_vm, id=3392, stack(0x00760000,0x007b0000)]

Stack: [0x00760000,0x007b0000],  sp=0x007af668,  free space=317k
Native frames: (J=compiled Java code, j=interpreted, Vv=VM code, C=native code)
V  [jvm.dll+0x1921e8]
V  [jvm.dll+0x18b2e6]
V  [jvm.dll+0x3aada]
V  [jvm.dll+0x3ac90]
V  [jvm.dll+0x499c3]
V  [jvm.dll+0x9c1ae]
V  [jvm.dll+0x9c472]
V  [jvm.dll+0x140ae1]
V  [jvm.dll+0x1647e8]
V  [jvm.dll+0xd8c61]
C  [javaw.exe+0x13ce]
C  [javaw.exe+0x1e85]
C  [javaw.exe+0xab71]
C  [javaw.exe+0xabfb]
C  [KERNEL32.DLL+0x1793]
C  [ntdll.dll+0x5c206]
C  [ntdll.dll+0x5c1df]


---------------  P R O C E S S  ---------------

Java Threads: ( => current thread )

Other Threads:

=>0x017bbc00 (exited) JavaThread "Unknown thread" [_thread_in_vm, id=3392, stack(0x00760000,0x007b0000)]

VM state:not at safepoint (not fully initialized)

VM Mutex/Monitor currently owned by a thread: None

GC Heap History (0 events):
No events

Deoptimization events (0 events):
No events

Internal exceptions (0 events):
No events

Events (10 events):
Event: 0.046 loading class java/lang/CharSequence done
Event: 0.047 loading class java/lang/String done
Event: 0.047 loading class java/lang/Class
Event: 0.047 loading class java/lang/reflect/AnnotatedElement
Event: 0.047 loading class java/lang/reflect/AnnotatedElement done
Event: 0.047 loading class java/lang/reflect/GenericDeclaration
Event: 0.047 loading class java/lang/reflect/GenericDeclaration done
Event: 0.047 loading class java/lang/reflect/Type
Event: 0.047 loading class java/lang/reflect/Type done
Event: 0.047 loading class java/lang/Class done


Dynamic libraries:
0x00820000 - 0x00850000 	C:\Program Files\Java\jre8\bin\javaw.exe
0x77210000 - 0x77374000 	C:\Windows\SYSTEM32\ntdll.dll
0x76f70000 - 0x77068000 	C:\Windows\system32\KERNEL32.DLL
0x74f40000 - 0x75011000 	C:\Windows\system32\KERNELBASE.dll
0x73c30000 - 0x73cca000 	C:\Windows\system32\apphelp.dll
0x65660000 - 0x658b2000 	C:\Windows\AppPatch\AcGenral.DLL
0x750f0000 - 0x751ae000 	C:\Windows\system32\msvcrt.dll
0x76ea0000 - 0x76ede000 	C:\Windows\SYSTEM32\sechost.dll
0x74b40000 - 0x74b62000 	C:\Windows\SYSTEM32\SspiCli.dll
0x75550000 - 0x75591000 	C:\Windows\system32\SHLWAPI.dll
0x73d60000 - 0x73e42000 	C:\Windows\SYSTEM32\UxTheme.dll
0x75670000 - 0x757bb000 	C:\Windows\system32\USER32.dll
0x77070000 - 0x77179000 	C:\Windows\system32\GDI32.dll
0x6e220000 - 0x6e240000 	C:\Windows\SYSTEM32\WINMM.dll
0x70db0000 - 0x70dc2000 	C:\Windows\SYSTEM32\samcli.dll
0x751c0000 - 0x752cb000 	C:\Windows\system32\ole32.dll
0x77180000 - 0x77207000 	C:\Windows\system32\OLEAUT32.dll
0x71770000 - 0x71785000 	C:\Windows\SYSTEM32\MSACM32.dll
0x731d0000 - 0x731d8000 	C:\Windows\SYSTEM32\VERSION.dll
0x75ba0000 - 0x76d44000 	C:\Windows\system32\SHELL32.dll
0x74760000 - 0x74779000 	C:\Windows\SYSTEM32\USERENV.dll
0x73660000 - 0x73679000 	C:\Windows\SYSTEM32\dwmapi.dll
0x6fd20000 - 0x6fe44000 	C:\Windows\SYSTEM32\urlmon.dll
0x75060000 - 0x750d7000 	C:\Windows\system32\ADVAPI32.dll
0x6e360000 - 0x6e3be000 	C:\Windows\SYSTEM32\WINSPOOL.DRV
0x6e3d0000 - 0x6e3e4000 	C:\Windows\SYSTEM32\MPR.dll
0x75480000 - 0x75544000 	C:\Windows\system32\RPCRT4.dll
0x76d50000 - 0x76e9e000 	C:\Windows\SYSTEM32\combase.dll
0x6e200000 - 0x6e220000 	C:\Windows\SYSTEM32\WINMMBASE.dll
0x74c70000 - 0x74c7e000 	C:\Windows\SYSTEM32\profapi.dll
0x6fb00000 - 0x6fd17000 	C:\Windows\SYSTEM32\iertutil.dll
0x6f930000 - 0x6faf4000 	C:\Windows\SYSTEM32\WININET.dll
0x74f00000 - 0x74f3a000 	C:\Windows\SYSTEM32\cfgmgr32.dll
0x73e50000 - 0x73e6f000 	C:\Windows\SYSTEM32\DEVOBJ.dll
0x757c0000 - 0x75837000 	C:\Windows\system32\SHCORE.DLL
0x76f40000 - 0x76f65000 	C:\Windows\system32\IMM32.DLL
0x75840000 - 0x75937000 	C:\Windows\system32\MSCTF.dll
0x72fb0000 - 0x73195000 	C:\Windows\WinSxS\x86_microsoft.windows.common-controls_6595b64144ccf1df_6.0.9600.16384_none_a9f4965301334e09\COMCTL32.dll
0x690f0000 - 0x691af000 	C:\Program Files\Java\jre8\bin\msvcr100.dll
0x51a60000 - 0x51df6000 	C:\Program Files\Java\jre8\bin\client\jvm.dll
0x64370000 - 0x64378000 	C:\Windows\SYSTEM32\WSOCK32.dll
0x750e0000 - 0x750e6000 	C:\Windows\system32\PSAPI.DLL
0x75620000 - 0x7566d000 	C:\Windows\system32\WS2_32.dll
0x75940000 - 0x75947000 	C:\Windows\system32\NSI.dll
0x72880000 - 0x7288c000 	C:\Program Files\Java\jre8\bin\verify.dll
0x69300000 - 0x69321000 	C:\Program Files\Java\jre8\bin\java.dll
0x6d0d0000 - 0x6d0e3000 	C:\Program Files\Java\jre8\bin\zip.dll
0x618a0000 - 0x619e8000 	C:\Windows\SYSTEM32\dbghelp.dll

VM Arguments:
jvm_args: -Dfile.encoding=Cp1250 -Xbootclasspath:C:\ADT\adt-bundle-windows-x86-20140321\sdk\platforms\android-19\android.jar 
java_command: com.pritta.vote4song.ControlApplication
java_class_path (initial): C:\Users\Robi\Google Drive\Android\Vote4Song\bin\classes;C:\Users\Robi\Google Drive\Android\appcompat_v7_2\libs\android-support-v4.jar;C:\Users\Robi\Google Drive\Android\appcompat_v7_2\libs\android-support-v7-appcompat.jar;C:\Users\Robi\Google Drive\Android\appcompat_v7_2\bin\appcompat_v7_2.jar
Launcher Type: SUN_STANDARD

Environment Variables:
PATH=C:/Program Files/Java/jre8/bin/client;C:/Program Files/Java/jre8/bin;C:/Program Files/Java/jre8/lib/i386;C:\Windows\system32;C:\Windows;C:\Windows\System32\Wbem;C:\Windows\System32\WindowsPowerShell\v1.0\;C:\Program Files\ATI Technologies\ATI.ACE\Core-Static;C:\Program Files\Windows Kits\8.1\Windows Performance Toolkit\;C:\Program Files\Microsoft SQL Server\110\Tools\Binn\;C:\ADT\adt-bundle-windows-x86-20140321\eclipse;
USERNAME=Robi
OS=Windows_NT
PROCESSOR_IDENTIFIER=x86 Family 21 Model 16 Stepping 1, AuthenticAMD



---------------  S Y S T E M  ---------------

OS: Windows 8.1 Build 9600 

CPU:total 2 (2 cores per cpu, 1 threads per core) family 21 model 16 stepping 1, cmov, cx8, fxsr, mmx, sse, sse2, sse3, ssse3, sse4.1, sse4.2, popcnt, avx, aes, clmul, mmxext, 3dnowpref, lzcnt, sse4a, tsc, tscinvbit

Memory: 4k page, physical 2595844k(731708k free), swap 4496392k(1437932k free)

vm_info: Java HotSpot(TM) Client VM (25.0-b70) for windows-x86 JRE (1.8.0-b132), built on Mar  4 2014 03:51:15 by "java_re" with MS VC++ 10.0 (VS2010)

time: Sat Apr 05 17:27:08 2014
elapsed time: 0 seconds

