#
# A fatal error has been detected by the Java Runtime Environment:
#
#  Internal Error (javaClasses.cpp:124), pid=7808, tid=3368
#  fatal error: Invalid layout of preloaded class
#
# JRE version:  (8.0-b132) (build )
# Java VM: Java HotSpot(TM) Client VM (25.0-b70 mixed mode windows-x86 )
# Failed to write core dump. Minidumps are not enabled by default on client versions of Windows
#
# If you would like to submit a bug report, please visit:
#   http://bugreport.sun.com/bugreport/crash.jsp
#

---------------  T H R E A D  ---------------

Current thread (0x01debc00):  JavaThread "Unknown thread" [_thread_in_vm, id=3368, stack(0x01ca0000,0x01cf0000)]

Stack: [0x01ca0000,0x01cf0000],  sp=0x01cefa58,  free space=318k
Native frames: (J=compiled Java code, j=interpreted, Vv=VM code, C=native code)
V  [jvm.dll+0x1921e8]
V  [jvm.dll+0x18b2e6]
V  [jvm.dll+0x3aada]
V  [jvm.dll+0x3ac90]
V  [jvm.dll+0x499c3]
V  [jvm.dll+0x9c1ae]
V  [jvm.dll+0x9c472]
V  [jvm.dll+0x140ae1]
V  [jvm.dll+0x1647e8]
V  [jvm.dll+0xd8c61]
C  [javaw.exe+0x13ce]
C  [javaw.exe+0x1e85]
C  [javaw.exe+0xab71]
C  [javaw.exe+0xabfb]
C  [KERNEL32.DLL+0x17ad]
C  [ntdll.dll+0x53af4]
C  [ntdll.dll+0x53acd]


---------------  P R O C E S S  ---------------

Java Threads: ( => current thread )

Other Threads:

=>0x01debc00 (exited) JavaThread "Unknown thread" [_thread_in_vm, id=3368, stack(0x01ca0000,0x01cf0000)]

VM state:not at safepoint (not fully initialized)

VM Mutex/Monitor currently owned by a thread: None

GC Heap History (0 events):
No events

Deoptimization events (0 events):
No events

Internal exceptions (0 events):
No events

Events (10 events):
Event: 0.039 loading class java/lang/CharSequence done
Event: 0.039 loading class java/lang/String done
Event: 0.039 loading class java/lang/Class
Event: 0.039 loading class java/lang/reflect/AnnotatedElement
Event: 0.039 loading class java/lang/reflect/AnnotatedElement done
Event: 0.039 loading class java/lang/reflect/GenericDeclaration
Event: 0.040 loading class java/lang/reflect/GenericDeclaration done
Event: 0.040 loading class java/lang/reflect/Type
Event: 0.040 loading class java/lang/reflect/Type done
Event: 0.040 loading class java/lang/Class done


Dynamic libraries:
0x003d0000 - 0x00400000 	C:\Program Files\Java\jre8\bin\javaw.exe
0x77740000 - 0x778a5000 	C:\Windows\SYSTEM32\ntdll.dll
0x77640000 - 0x77739000 	C:\Windows\system32\KERNEL32.DLL
0x753e0000 - 0x754b2000 	C:\Windows\system32\KERNELBASE.dll
0x74160000 - 0x741f9000 	C:\Windows\system32\apphelp.dll
0x6bdb0000 - 0x6c009000 	C:\Windows\AppPatch\AcGenral.DLL
0x75590000 - 0x7564e000 	C:\Windows\system32\msvcrt.dll
0x75f50000 - 0x75f8e000 	C:\Windows\SYSTEM32\sechost.dll
0x75070000 - 0x75092000 	C:\Windows\SYSTEM32\SspiCli.dll
0x76150000 - 0x76191000 	C:\Windows\system32\SHLWAPI.dll
0x74290000 - 0x74371000 	C:\Windows\SYSTEM32\UxTheme.dll
0x77460000 - 0x775ab000 	C:\Windows\system32\USER32.dll
0x75c40000 - 0x75d4a000 	C:\Windows\system32\GDI32.dll
0x6f1f0000 - 0x6f210000 	C:\Windows\SYSTEM32\WINMM.dll
0x714c0000 - 0x714d2000 	C:\Windows\SYSTEM32\samcli.dll
0x75980000 - 0x75a8c000 	C:\Windows\system32\ole32.dll
0x757f0000 - 0x75877000 	C:\Windows\system32\OLEAUT32.dll
0x6bd90000 - 0x6bda5000 	C:\Windows\SYSTEM32\MSACM32.dll
0x733d0000 - 0x733d8000 	C:\Windows\SYSTEM32\VERSION.dll
0x762a0000 - 0x7744d000 	C:\Windows\system32\SHELL32.dll
0x74d10000 - 0x74d29000 	C:\Windows\SYSTEM32\USERENV.dll
0x73b90000 - 0x73ba8000 	C:\Windows\SYSTEM32\dwmapi.dll
0x70430000 - 0x70552000 	C:\Windows\SYSTEM32\urlmon.dll
0x76220000 - 0x76298000 	C:\Windows\system32\ADVAPI32.dll
0x6bd30000 - 0x6bd8e000 	C:\Windows\SYSTEM32\WINSPOOL.DRV
0x6bd10000 - 0x6bd24000 	C:\Windows\SYSTEM32\MPR.dll
0x75fe0000 - 0x760a4000 	C:\Windows\system32\RPCRT4.dll
0x75d50000 - 0x75e9e000 	C:\Windows\SYSTEM32\combase.dll
0x6df90000 - 0x6dfb0000 	C:\Windows\SYSTEM32\WINMMBASE.dll
0x751a0000 - 0x751ae000 	C:\Windows\SYSTEM32\profapi.dll
0x70210000 - 0x70429000 	C:\Windows\SYSTEM32\iertutil.dll
0x70050000 - 0x7020d000 	C:\Windows\SYSTEM32\WININET.dll
0x753a0000 - 0x753da000 	C:\Windows\SYSTEM32\cfgmgr32.dll
0x74380000 - 0x7439f000 	C:\Windows\SYSTEM32\DEVOBJ.dll
0x775c0000 - 0x77636000 	C:\Windows\system32\SHCORE.DLL
0x75f20000 - 0x75f45000 	C:\Windows\system32\IMM32.DLL
0x75880000 - 0x75977000 	C:\Windows\system32\MSCTF.dll
0x73710000 - 0x738f6000 	C:\Windows\WinSxS\x86_microsoft.windows.common-controls_6595b64144ccf1df_6.0.9600.17031_none_a9efdb8b01377ea7\COMCTL32.dll
0x63c20000 - 0x63cdf000 	C:\Program Files\Java\jre8\bin\msvcr100.dll
0x63400000 - 0x63796000 	C:\Program Files\Java\jre8\bin\client\jvm.dll
0x6f8a0000 - 0x6f8a8000 	C:\Windows\SYSTEM32\WSOCK32.dll
0x77450000 - 0x77456000 	C:\Windows\system32\PSAPI.DLL
0x75f90000 - 0x75fdd000 	C:\Windows\system32\WS2_32.dll
0x76140000 - 0x76147000 	C:\Windows\system32\NSI.dll
0x72cc0000 - 0x72ccc000 	C:\Program Files\Java\jre8\bin\verify.dll
0x69580000 - 0x695a1000 	C:\Program Files\Java\jre8\bin\java.dll
0x72ca0000 - 0x72cb3000 	C:\Program Files\Java\jre8\bin\zip.dll
0x60920000 - 0x60a68000 	C:\Windows\SYSTEM32\dbghelp.dll

VM Arguments:
jvm_args: -Dfile.encoding=Cp1250 -Xbootclasspath:C:\ADT\adt-bundle-windows-x86-20140321\sdk\platforms\android-19\android.jar 
java_command: com.pritta.vote4song.util.DataMock
java_class_path (initial): C:\Users\Robi\Google Drive\Android\Vote4Song\bin\classes;C:\Users\Robi\Google Drive\Android\Vote4Song\libs\android-support-v4.jar;C:\Users\Robi\Google Drive\Android\appcompat_v7_5\libs\android-support-v7-appcompat.jar;C:\Users\Robi\Google Drive\Android\Vote4Song\libs\gson-2.2.4.jar;C:\Users\Robi\Google Drive\Android\appcompat_v7_5\bin\appcompat_v7_5.jar
Launcher Type: SUN_STANDARD

Environment Variables:
PATH=C:/Program Files/Java/jre8/bin/client;C:/Program Files/Java/jre8/bin;C:/Program Files/Java/jre8/lib/i386;C:\Windows\system32;C:\Windows;C:\Windows\System32\Wbem;C:\Windows\System32\WindowsPowerShell\v1.0\;C:\Program Files\ATI Technologies\ATI.ACE\Core-Static;C:\Program Files\Windows Kits\8.1\Windows Performance Toolkit\;C:\Program Files\Microsoft SQL Server\110\Tools\Binn\;C:\ADT\adt-bundle-windows-x86-20140321\eclipse;
USERNAME=Robi
OS=Windows_NT
PROCESSOR_IDENTIFIER=x86 Family 21 Model 16 Stepping 1, AuthenticAMD



---------------  S Y S T E M  ---------------

OS: Windows 8.1 Build 9600 

CPU:total 2 (2 cores per cpu, 1 threads per core) family 21 model 16 stepping 1, cmov, cx8, fxsr, mmx, sse, sse2, sse3, ssse3, sse4.1, sse4.2, popcnt, avx, aes, clmul, mmxext, 3dnowpref, lzcnt, sse4a, tsc, tscinvbit

Memory: 4k page, physical 2595848k(882108k free), swap 6002800k(2270840k free)

vm_info: Java HotSpot(TM) Client VM (25.0-b70) for windows-x86 JRE (1.8.0-b132), built on Mar  4 2014 03:51:15 by "java_re" with MS VC++ 10.0 (VS2010)

time: Mon Apr 28 19:05:16 2014
elapsed time: 0 seconds

